<?xml version="1.0" encoding="UTF-8"?>
<!-- Generated by org.testng.reporters.JUnitXMLReporter -->
<testsuite hostname="ZSRIL-8XH1RV2" ignored="2" name="Surefire test" tests="2" failures="0" timestamp="2022-05-02T21:44:26 IST" time="0.071" errors="0">
  <testcase name="verifyValidDomain" time="0.0" classname="tests.TestCase">
    <skipped/>
  </testcase> <!-- verifyValidDomain -->
  <testcase name="verifyInvalidCompanyDomain" time="0.0" classname="tests.TestCase">
    <skipped/>
  </testcase> <!-- verifyInvalidCompanyDomain -->
  <testcase name="@AfterSuite tearDown" time="0.0" classname="tests.BaseTest">
    <ignored/>
  </testcase> <!-- @AfterSuite tearDown -->
  <testcase name="@BeforeSuite setup" time="0.0" classname="tests.BaseTest">
    <ignored/>
  </testcase> <!-- @BeforeSuite setup -->
</testsuite> <!-- Surefire test -->
